<?xml version="1.0" encoding="UTF-8"?>
<testsuite xmlns:xsi="http://www.w3.org/2001/XMLSchema-instance" xsi:noNamespaceSchemaLocation="https://maven.apache.org/surefire/maven-surefire-plugin/xsd/surefire-test-report-3.0.xsd" version="3.0" name="com.wahlberger.velocity.AppTest" time="0.018" tests="1" errors="0" skipped="0" failures="0">
  <properties>
    <property name="java.specification.version" value="17"/>
    <property name="sun.jnu.encoding" value="UTF-8"/>
    <property name="java.class.path" value="/home/erikwahlberger/Projekt/Java/velocity-authentication/target/test-classes:/home/erikwahlberger/Projekt/Java/velocity-authentication/target/classes:/home/erikwahlberger/.m2/repository/org/postgresql/postgresql/42.3.1/postgresql-42.3.1.jar:/home/erikwahlberger/.m2/repository/org/checkerframework/checker-qual/3.5.0/checker-qual-3.5.0.jar:/home/erikwahlberger/.m2/repository/org/apache/commons/commons-dbcp2/2.9.0/commons-dbcp2-2.9.0.jar:/home/erikwahlberger/.m2/repository/org/apache/commons/commons-pool2/2.10.0/commons-pool2-2.10.0.jar:/home/erikwahlberger/.m2/repository/commons-logging/commons-logging/1.2/commons-logging-1.2.jar:/home/erikwahlberger/.m2/repository/com/rabbitmq/amqp-client/5.14.0/amqp-client-5.14.0.jar:/home/erikwahlberger/.m2/repository/org/slf4j/slf4j-api/1.7.32/slf4j-api-1.7.32.jar:/home/erikwahlberger/.m2/repository/com/google/code/gson/gson/2.8.9/gson-2.8.9.jar:/home/erikwahlberger/.m2/repository/com/velocitypowered/velocity-api/3.0.1/velocity-api-3.0.1.jar:/home/erikwahlberger/.m2/repository/com/google/guava/guava/25.1-jre/guava-25.1-jre.jar:/home/erikwahlberger/.m2/repository/com/google/code/findbugs/jsr305/3.0.2/jsr305-3.0.2.jar:/home/erikwahlberger/.m2/repository/com/google/errorprone/error_prone_annotations/2.1.3/error_prone_annotations-2.1.3.jar:/home/erikwahlberger/.m2/repository/com/google/j2objc/j2objc-annotations/1.1/j2objc-annotations-1.1.jar:/home/erikwahlberger/.m2/repository/org/codehaus/mojo/animal-sniffer-annotations/1.14/animal-sniffer-annotations-1.14.jar:/home/erikwahlberger/.m2/repository/com/moandjiezana/toml/toml4j/0.7.2/toml4j-0.7.2.jar:/home/erikwahlberger/.m2/repository/net/kyori/adventure-api/4.8.1/adventure-api-4.8.1.jar:/home/erikwahlberger/.m2/repository/net/kyori/adventure-key/4.8.1/adventure-key-4.8.1.jar:/home/erikwahlberger/.m2/repository/net/kyori/examination-api/1.1.0/examination-api-1.1.0.jar:/home/erikwahlberger/.m2/repository/net/kyori/examination-string/1.1.0/examination-string-1.1.0.jar:/home/erikwahlberger/.m2/repository/org/jetbrains/annotations/21.0.1/annotations-21.0.1.jar:/home/erikwahlberger/.m2/repository/net/kyori/adventure-text-serializer-gson/4.8.1/adventure-text-serializer-gson-4.8.1.jar:/home/erikwahlberger/.m2/repository/net/kyori/adventure-text-serializer-legacy/4.8.1/adventure-text-serializer-legacy-4.8.1.jar:/home/erikwahlberger/.m2/repository/net/kyori/adventure-text-serializer-plain/4.8.1/adventure-text-serializer-plain-4.8.1.jar:/home/erikwahlberger/.m2/repository/com/google/inject/guice/5.0.1/guice-5.0.1.jar:/home/erikwahlberger/.m2/repository/javax/inject/javax.inject/1/javax.inject-1.jar:/home/erikwahlberger/.m2/repository/aopalliance/aopalliance/1.0/aopalliance-1.0.jar:/home/erikwahlberger/.m2/repository/com/velocitypowered/velocity-brigadier/1.0.0-SNAPSHOT/velocity-brigadier-1.0.0-SNAPSHOT.jar:/home/erikwahlberger/.m2/repository/org/spongepowered/configurate-hocon/3.7.2/configurate-hocon-3.7.2.jar:/home/erikwahlberger/.m2/repository/org/spongepowered/configurate-core/3.7.2/configurate-core-3.7.2.jar:/home/erikwahlberger/.m2/repository/com/typesafe/config/1.4.0/config-1.4.0.jar:/home/erikwahlberger/.m2/repository/org/spongepowered/configurate-yaml/3.7.2/configurate-yaml-3.7.2.jar:/home/erikwahlberger/.m2/repository/org/yaml/snakeyaml/1.26/snakeyaml-1.26.jar:/home/erikwahlberger/.m2/repository/org/spongepowered/configurate-gson/3.7.2/configurate-gson-3.7.2.jar:/home/erikwahlberger/.m2/repository/net/luckperms/api/5.3/api-5.3.jar:/home/erikwahlberger/.m2/repository/org/junit/jupiter/junit-jupiter-api/5.6.0/junit-jupiter-api-5.6.0.jar:/home/erikwahlberger/.m2/repository/org/apiguardian/apiguardian-api/1.1.0/apiguardian-api-1.1.0.jar:/home/erikwahlberger/.m2/repository/org/opentest4j/opentest4j/1.2.0/opentest4j-1.2.0.jar:/home/erikwahlberger/.m2/repository/org/junit/platform/junit-platform-commons/1.6.0/junit-platform-commons-1.6.0.jar:/home/erikwahlberger/.m2/repository/org/junit/jupiter/junit-jupiter-engine/5.6.0/junit-jupiter-engine-5.6.0.jar:/home/erikwahlberger/.m2/repository/org/junit/platform/junit-platform-engine/1.6.0/junit-platform-engine-1.6.0.jar:"/>
    <property name="java.vm.vendor" value="Oracle Corporation"/>
    <property name="sun.arch.data.model" value="64"/>
    <property name="java.vendor.url" value="https://openjdk.java.net/"/>
    <property name="os.name" value="Linux"/>
    <property name="java.vm.specification.version" value="17"/>
    <property name="sun.java.launcher" value="SUN_STANDARD"/>
    <property name="user.country" value="SE"/>
    <property name="sun.boot.library.path" value="/usr/lib/jvm/java-17-openjdk/lib"/>
    <property name="sun.java.command" value="/home/erikwahlberger/Projekt/Java/velocity-authentication/target/surefire/surefirebooter12623038408534893718.jar /home/erikwahlberger/Projekt/Java/velocity-authentication/target/surefire 2022-02-01T12-31-24_920-jvmRun1 surefire13078999754566622122tmp surefire_017893193015184519037tmp"/>
    <property name="jdk.debug" value="release"/>
    <property name="surefire.test.class.path" value="/home/erikwahlberger/Projekt/Java/velocity-authentication/target/test-classes:/home/erikwahlberger/Projekt/Java/velocity-authentication/target/classes:/home/erikwahlberger/.m2/repository/org/postgresql/postgresql/42.3.1/postgresql-42.3.1.jar:/home/erikwahlberger/.m2/repository/org/checkerframework/checker-qual/3.5.0/checker-qual-3.5.0.jar:/home/erikwahlberger/.m2/repository/org/apache/commons/commons-dbcp2/2.9.0/commons-dbcp2-2.9.0.jar:/home/erikwahlberger/.m2/repository/org/apache/commons/commons-pool2/2.10.0/commons-pool2-2.10.0.jar:/home/erikwahlberger/.m2/repository/commons-logging/commons-logging/1.2/commons-logging-1.2.jar:/home/erikwahlberger/.m2/repository/com/rabbitmq/amqp-client/5.14.0/amqp-client-5.14.0.jar:/home/erikwahlberger/.m2/repository/org/slf4j/slf4j-api/1.7.32/slf4j-api-1.7.32.jar:/home/erikwahlberger/.m2/repository/com/google/code/gson/gson/2.8.9/gson-2.8.9.jar:/home/erikwahlberger/.m2/repository/com/velocitypowered/velocity-api/3.0.1/velocity-api-3.0.1.jar:/home/erikwahlberger/.m2/repository/com/google/guava/guava/25.1-jre/guava-25.1-jre.jar:/home/erikwahlberger/.m2/repository/com/google/code/findbugs/jsr305/3.0.2/jsr305-3.0.2.jar:/home/erikwahlberger/.m2/repository/com/google/errorprone/error_prone_annotations/2.1.3/error_prone_annotations-2.1.3.jar:/home/erikwahlberger/.m2/repository/com/google/j2objc/j2objc-annotations/1.1/j2objc-annotations-1.1.jar:/home/erikwahlberger/.m2/repository/org/codehaus/mojo/animal-sniffer-annotations/1.14/animal-sniffer-annotations-1.14.jar:/home/erikwahlberger/.m2/repository/com/moandjiezana/toml/toml4j/0.7.2/toml4j-0.7.2.jar:/home/erikwahlberger/.m2/repository/net/kyori/adventure-api/4.8.1/adventure-api-4.8.1.jar:/home/erikwahlberger/.m2/repository/net/kyori/adventure-key/4.8.1/adventure-key-4.8.1.jar:/home/erikwahlberger/.m2/repository/net/kyori/examination-api/1.1.0/examination-api-1.1.0.jar:/home/erikwahlberger/.m2/repository/net/kyori/examination-string/1.1.0/examination-string-1.1.0.jar:/home/erikwahlberger/.m2/repository/org/jetbrains/annotations/21.0.1/annotations-21.0.1.jar:/home/erikwahlberger/.m2/repository/net/kyori/adventure-text-serializer-gson/4.8.1/adventure-text-serializer-gson-4.8.1.jar:/home/erikwahlberger/.m2/repository/net/kyori/adventure-text-serializer-legacy/4.8.1/adventure-text-serializer-legacy-4.8.1.jar:/home/erikwahlberger/.m2/repository/net/kyori/adventure-text-serializer-plain/4.8.1/adventure-text-serializer-plain-4.8.1.jar:/home/erikwahlberger/.m2/repository/com/google/inject/guice/5.0.1/guice-5.0.1.jar:/home/erikwahlberger/.m2/repository/javax/inject/javax.inject/1/javax.inject-1.jar:/home/erikwahlberger/.m2/repository/aopalliance/aopalliance/1.0/aopalliance-1.0.jar:/home/erikwahlberger/.m2/repository/com/velocitypowered/velocity-brigadier/1.0.0-SNAPSHOT/velocity-brigadier-1.0.0-SNAPSHOT.jar:/home/erikwahlberger/.m2/repository/org/spongepowered/configurate-hocon/3.7.2/configurate-hocon-3.7.2.jar:/home/erikwahlberger/.m2/repository/org/spongepowered/configurate-core/3.7.2/configurate-core-3.7.2.jar:/home/erikwahlberger/.m2/repository/com/typesafe/config/1.4.0/config-1.4.0.jar:/home/erikwahlberger/.m2/repository/org/spongepowered/configurate-yaml/3.7.2/configurate-yaml-3.7.2.jar:/home/erikwahlberger/.m2/repository/org/yaml/snakeyaml/1.26/snakeyaml-1.26.jar:/home/erikwahlberger/.m2/repository/org/spongepowered/configurate-gson/3.7.2/configurate-gson-3.7.2.jar:/home/erikwahlberger/.m2/repository/net/luckperms/api/5.3/api-5.3.jar:/home/erikwahlberger/.m2/repository/org/junit/jupiter/junit-jupiter-api/5.6.0/junit-jupiter-api-5.6.0.jar:/home/erikwahlberger/.m2/repository/org/apiguardian/apiguardian-api/1.1.0/apiguardian-api-1.1.0.jar:/home/erikwahlberger/.m2/repository/org/opentest4j/opentest4j/1.2.0/opentest4j-1.2.0.jar:/home/erikwahlberger/.m2/repository/org/junit/platform/junit-platform-commons/1.6.0/junit-platform-commons-1.6.0.jar:/home/erikwahlberger/.m2/repository/org/junit/jupiter/junit-jupiter-engine/5.6.0/junit-jupiter-engine-5.6.0.jar:/home/erikwahlberger/.m2/repository/org/junit/platform/junit-platform-engine/1.6.0/junit-platform-engine-1.6.0.jar:"/>
    <property name="sun.cpu.endian" value="little"/>
    <property name="user.home" value="/home/erikwahlberger"/>
    <property name="user.language" value="sv"/>
    <property name="java.specification.vendor" value="Oracle Corporation"/>
    <property name="java.version.date" value="2021-10-19"/>
    <property name="java.home" value="/usr/lib/jvm/java-17-openjdk"/>
    <property name="file.separator" value="/"/>
    <property name="basedir" value="/home/erikwahlberger/Projekt/Java/velocity-authentication"/>
    <property name="java.vm.compressedOopsMode" value="Zero based"/>
    <property name="line.separator" value="&#10;"/>
    <property name="java.vm.specification.vendor" value="Oracle Corporation"/>
    <property name="java.specification.name" value="Java Platform API Specification"/>
    <property name="surefire.real.class.path" value="/home/erikwahlberger/Projekt/Java/velocity-authentication/target/surefire/surefirebooter12623038408534893718.jar"/>
    <property name="sun.management.compiler" value="HotSpot 64-Bit Tiered Compilers"/>
    <property name="java.runtime.version" value="17.0.1+12"/>
    <property name="user.name" value="erikwahlberger"/>
    <property name="path.separator" value=":"/>
    <property name="os.version" value="5.15.16-1-MANJARO"/>
    <property name="java.runtime.name" value="OpenJDK Runtime Environment"/>
    <property name="file.encoding" value="UTF-8"/>
    <property name="java.vm.name" value="OpenJDK 64-Bit Server VM"/>
    <property name="localRepository" value="/home/erikwahlberger/.m2/repository"/>
    <property name="java.vendor.url.bug" value="https://bugreport.java.com/bugreport/"/>
    <property name="java.io.tmpdir" value="/tmp"/>
    <property name="java.version" value="17.0.1"/>
    <property name="user.dir" value="/home/erikwahlberger/Projekt/Java/velocity-authentication"/>
    <property name="os.arch" value="amd64"/>
    <property name="java.vm.specification.name" value="Java Virtual Machine Specification"/>
    <property name="native.encoding" value="UTF-8"/>
    <property name="java.library.path" value="/usr/java/packages/lib:/usr/lib64:/lib64:/lib:/usr/lib"/>
    <property name="java.vm.info" value="mixed mode"/>
    <property name="java.vendor" value="N/A"/>
    <property name="java.vm.version" value="17.0.1+12"/>
    <property name="sun.io.unicode.encoding" value="UnicodeLittle"/>
    <property name="java.class.version" value="61.0"/>
  </properties>
  <testcase name="testApp" classname="com.wahlberger.velocity.AppTest" time="0.011"/>
</testsuite>